<?xml version="1.0" encoding="UTF-8"?>
<!-- Generated by org.testng.reporters.JUnitXMLReporter -->
<testsuite ignored="0" hostname="DESKTOP-0NEFOD8" failures="0" tests="2" name="Test" time="0.357" errors="0" timestamp="2024-02-09T08:02:29 GMT">
  <testcase classname="testBase.BaseClass" name="@BeforeClass setup" time="0.03">
    <failure type="java.net.MalformedURLException" message="no protocol: 192.168.2.145">
      <![CDATA[java.net.MalformedURLException: no protocol: 192.168.2.145
at java.base/java.net.URL.<init>(URL.java:674)
at java.base/java.net.URL.<init>(URL.java:569)
at java.base/java.net.URL.<init>(URL.java:516)
at testBase.BaseClass.setup(BaseClass.java:74)
at java.base/java.util.ArrayList.forEach(ArrayList.java:1511)
... Removed 25 stack frames]]>
    </failure>
  </testcase> <!-- @BeforeClass setup -->
  <testcase classname="testBase.BaseClass" name="@AfterClass tearDown" time="0.0">
    <skipped/>
  </testcase> <!-- @AfterClass tearDown -->
  <testcase classname="testBase.BaseClass" name="@BeforeClass setup" time="0.001">
    <failure type="java.net.MalformedURLException" message="no protocol: 192.168.2.145">
      <![CDATA[java.net.MalformedURLException: no protocol: 192.168.2.145
at java.base/java.net.URL.<init>(URL.java:674)
at java.base/java.net.URL.<init>(URL.java:569)
at java.base/java.net.URL.<init>(URL.java:516)
at testBase.BaseClass.setup(BaseClass.java:74)
at java.base/java.util.ArrayList.forEach(ArrayList.java:1511)
... Removed 25 stack frames]]>
    </failure>
  </testcase> <!-- @BeforeClass setup -->
  <testcase classname="testBase.BaseClass" name="@AfterClass tearDown" time="0.0">
    <skipped/>
  </testcase> <!-- @AfterClass tearDown -->
  <testcase classname="testCases.TC_001_AccountRegistrationTest" name="verify_account_registration" time="0.0">
    <skipped/>
  </testcase> <!-- verify_account_registration -->
  <testcase classname="testCases.TC_002_LoginTest" name="verify_login" time="0.0">
    <skipped/>
  </testcase> <!-- verify_login -->
</testsuite> <!-- Test -->
